  CPP_Study.cpp
D:\cpp_study\CPP_Study\CPP_Study\CPP_Study.cpp(59,7): error C2248: 'NullPtr::operator T': private 멤버('NullPtr' 클래스에서 선언)에 액세스할 수 없습니다.
          with
          [
              T=void
          ]
D:\cpp_study\CPP_Study\CPP_Study\CPP_Study.cpp(36): message : 'NullPtr::operator T' 선언을 참조하십시오.
          with
          [
              T=void
          ]
D:\cpp_study\CPP_Study\CPP_Study\CPP_Study.cpp(32): message : 'NullPtr' 선언을 참조하십시오.
D:\cpp_study\CPP_Study\CPP_Study\CPP_Study.cpp(63,16): error C2248: 'NullPtr::operator T': private 멤버('NullPtr' 클래스에서 선언)에 액세스할 수 없습니다.
          with
          [
              T=Knight
          ]
D:\cpp_study\CPP_Study\CPP_Study\CPP_Study.cpp(36): message : 'NullPtr::operator T' 선언을 참조하십시오.
          with
          [
              T=Knight
          ]
D:\cpp_study\CPP_Study\CPP_Study\CPP_Study.cpp(32): message : 'NullPtr' 선언을 참조하십시오.
D:\cpp_study\CPP_Study\CPP_Study\CPP_Study.cpp(71,17): error C2248: 'NullPtr::operator T': private 멤버('NullPtr' 클래스에서 선언)에 액세스할 수 없습니다.
          with
          [
              T=void (void)
          ]
D:\cpp_study\CPP_Study\CPP_Study\CPP_Study.cpp(42): message : 'NullPtr::operator T' 선언을 참조하십시오.
          with
          [
              T=void (void)
          ]
D:\cpp_study\CPP_Study\CPP_Study\CPP_Study.cpp(32): message : 'NullPtr' 선언을 참조하십시오.
